2024-09-01 21:38:10,799 - 'molecular_formula' column already exists.
2024-09-01 21:38:20,926 - SMILES input recognized: CC=C
2024-09-01 21:40:04,456 - SMILES input recognized: C=C=C
2024-09-01 21:40:56,337 - SMILES input recognized: C#CC
2024-09-01 21:40:59,585 - SMILES input recognized: C#CC
2024-09-01 21:41:00,051 - Molecule with SMILES C#CC already exists in the database.
2024-09-01 21:45:53,386 - SMILES input recognized: C1#CC1
2024-09-01 21:46:19,644 - SMILES input recognized: C1=CC1
2024-09-01 21:46:23,015 - SMILES input recognized: C1=C=C1
2024-09-01 21:46:43,684 - SMILES input recognized: C=1=C=C1
2024-09-01 21:46:44,667 - SMILES input recognized: C=1=C=C1
2024-09-01 21:46:45,107 - Molecule with SMILES C=1=C=C1 already exists in the database.
2024-09-01 21:46:45,664 - SMILES input recognized: C=1=C=C1
2024-09-01 21:46:46,177 - Molecule with SMILES C=1=C=C1 already exists in the database.
2024-09-01 21:46:57,214 - SMILES input recognized: C1#CC1
2024-09-01 21:46:58,435 - Molecule with SMILES C1#CC1 already exists in the database.
2024-09-01 21:47:06,859 - SMILES input recognized: C1=CC1
2024-09-01 21:47:07,263 - Molecule with SMILES C1=CC1 already exists in the database.
2024-09-01 21:47:23,825 - SMILES input recognized: C#CC
2024-09-01 21:47:24,266 - Molecule with SMILES C#CC already exists in the database.
2024-09-01 21:49:26,401 - SMILES input recognized: C1=CC1
2024-09-01 21:49:27,086 - Molecule with SMILES C1=CC1 already exists in the database.
2024-09-01 21:49:30,438 - SMILES input recognized: C=1=C=C1
2024-09-01 21:49:30,991 - Molecule with SMILES C=1=C=C1 already exists in the database.
2024-09-01 21:49:37,595 - SMILES input recognized: C1CC1
2024-09-01 21:50:40,063 - SMILES input recognized: C1CC1
2024-09-01 21:50:40,456 - Molecule with SMILES C1CC1 already exists in the database.
2024-09-01 21:50:44,047 - SMILES input recognized: C1#CC1
2024-09-01 21:50:44,540 - Molecule with SMILES C1#CC1 already exists in the database.
2024-09-01 21:51:11,346 - SMILES input recognized: C1=C=C1
2024-09-01 21:51:11,867 - Molecule with SMILES C1=C=C1 already exists in the database.
2024-09-01 21:52:40,184 - SMILES input recognized: C1=C=C1
2024-09-01 21:52:40,640 - Molecule with SMILES C1=C=C1 already exists in the database.
2024-09-01 21:52:43,359 - SMILES input recognized: C1=C=C1
2024-09-01 21:52:43,753 - Molecule with SMILES C1=C=C1 already exists in the database.
2024-09-01 21:52:44,646 - SMILES input recognized: C1=C=C1
2024-09-01 21:52:45,049 - Molecule with SMILES C1=C=C1 already exists in the database.
2024-09-01 21:52:45,680 - SMILES input recognized: C1=C=C1
2024-09-01 21:52:46,120 - Molecule with SMILES C1=C=C1 already exists in the database.
2024-09-01 21:52:47,276 - SMILES input recognized: C1=C=C1
2024-09-01 21:52:47,771 - Molecule with SMILES C1=C=C1 already exists in the database.
2024-09-01 21:52:47,781 - SMILES input recognized: C1=C=C1
2024-09-01 21:52:48,158 - Molecule with SMILES C1=C=C1 already exists in the database.
2024-09-01 21:52:48,165 - SMILES input recognized: C1=C=C1
2024-09-01 21:52:48,542 - Molecule with SMILES C1=C=C1 already exists in the database.
2024-09-01 21:52:49,518 - Processing molecule with SMILES: CC=C
2024-09-01 21:52:49,519 - No missing data for molecule with SMILES: CC=C
2024-09-01 21:52:49,519 - Processing molecule with SMILES: C=C=C
2024-09-01 21:52:49,519 - No missing data for molecule with SMILES: C=C=C
2024-09-01 21:52:49,519 - Processing molecule with SMILES: C#CC
2024-09-01 21:52:49,519 - No missing data for molecule with SMILES: C#CC
2024-09-01 21:52:49,519 - Processing molecule with SMILES: C1#CC1
2024-09-01 21:52:49,519 - No missing data for molecule with SMILES: C1#CC1
2024-09-01 21:52:49,519 - Processing molecule with SMILES: C1=CC1
2024-09-01 21:52:49,519 - No missing data for molecule with SMILES: C1=CC1
2024-09-01 21:52:49,520 - Processing molecule with SMILES: C1=C=C1
2024-09-01 21:54:52,941 - 'molecular_formula' column already exists.
2024-09-01 21:55:02,234 - SMILES input recognized: C=1=C=C1
2024-09-01 21:55:02,757 - Molecule with SMILES C=1=C=C1 already exists in the database.
2024-09-01 21:55:04,270 - SMILES input recognized: C1=C=C1
2024-09-01 21:55:04,682 - Molecule with SMILES C1=C=C1 already exists in the database.
2024-09-01 21:55:05,912 - SMILES input recognized: C=1=C=C1
2024-09-01 21:55:06,317 - Molecule with SMILES C=1=C=C1 already exists in the database.
2024-09-01 21:55:08,575 - SMILES input recognized: C1=C=C1
2024-09-01 21:55:08,948 - Molecule with SMILES C1=C=C1 already exists in the database.
2024-09-01 21:57:37,996 - SMILES input recognized: C1=CC1
2024-09-01 21:57:38,541 - Molecule with SMILES C1=CC1 already exists in the database.
2024-09-01 21:57:43,659 - SMILES input recognized: C=1=C=C1
2024-09-01 21:57:44,086 - Molecule with SMILES C=1=C=C1 already exists in the database.
2024-09-01 21:57:45,783 - SMILES input recognized: C1=C=C1
2024-09-01 21:57:46,171 - Molecule with SMILES C1=C=C1 already exists in the database.
2024-09-01 21:58:26,690 - SMILES input recognized: C=1=C=C1
2024-09-01 21:58:27,182 - Molecule with SMILES C=1=C=C1 already exists in the database.
2024-09-01 21:58:29,706 - SMILES input recognized: C1=C=C1
2024-09-01 21:58:30,079 - Molecule with SMILES C1=C=C1 already exists in the database.
2024-09-01 21:58:31,385 - SMILES input recognized: C=1=C=C1
2024-09-01 21:58:31,774 - Molecule with SMILES C=1=C=C1 already exists in the database.
2024-09-01 22:16:30,029 - SMILES input recognized: CC=C
2024-09-01 22:16:30,572 - Molecule with SMILES CC=C already exists in the database.
2024-09-01 22:23:55,711 - SMILES input recognized: C1=CC1
2024-09-01 22:23:56,151 - Molecule with SMILES C1=CC1 already exists in the database.
2024-09-01 22:47:45,484 - SMILES input recognized: C1=C=C1
2024-09-01 22:47:45,934 - Molecule with SMILES C1=C=C1 already exists in the database.
2024-09-01 23:51:21,371 - SMILES input recognized: CC=C=C
2024-09-01 23:51:33,604 - SMILES input recognized: CC=C=C
2024-09-01 23:51:34,196 - Molecule with SMILES CC=C=C already exists in the database.
2024-09-01 23:51:40,220 - SMILES input recognized: C=C=CC
2024-09-01 23:51:41,501 - SMILES input recognized: C=C=CC
2024-09-01 23:51:41,885 - Molecule with SMILES C=C=CC already exists in the database.
2024-09-01 23:51:41,948 - SMILES input recognized: C=C=CC
2024-09-01 23:51:42,342 - Molecule with SMILES C=C=CC already exists in the database.
2024-09-01 23:51:50,788 - SMILES input recognized: C=C=CC
2024-09-01 23:51:51,264 - Molecule with SMILES C=C=CC already exists in the database.
2024-09-01 23:52:30,934 - SMILES input recognized: C=CCC
2024-09-01 23:52:43,637 - SMILES input recognized: C=C=C=C
2024-09-01 23:54:35,991 - SMILES input recognized: C=CC#C
2024-09-02 00:06:05,050 - SMILES input recognized: C=CC=C
2024-09-02 00:07:59,592 - SMILES input recognized: CCC#C
2024-09-02 00:21:55,220 - SMILES input recognized: C=CC#C
2024-09-02 00:21:55,711 - Molecule with SMILES C=CC#C already exists in the database.
2024-09-02 00:22:07,473 - SMILES input recognized: C#CC#C
2024-09-02 00:29:24,251 - SMILES input recognized: C#CC=C
2024-09-02 00:33:21,440 - SMILES input recognized: CC#CC
2024-09-02 00:47:45,974 - SMILES input recognized: C1CC1
2024-09-02 00:47:46,485 - Molecule with SMILES C1CC1 already exists in the database.
2024-09-02 00:47:51,857 - SMILES input recognized: C1CCC1
2024-09-02 00:47:57,816 - SMILES input recognized: C1CC=C1
2024-09-02 00:51:21,058 - SMILES input recognized: C1C=C=C1
2024-09-02 00:51:30,719 - SMILES input recognized: C1=CC=C1
2024-09-02 00:52:41,843 - SMILES input recognized: C1C=C=C1
2024-09-02 00:52:42,210 - Molecule with SMILES C1C=C=C1 already exists in the database.
2024-09-02 00:52:44,749 - SMILES input recognized: C1=CC=C1
2024-09-02 00:52:45,147 - Molecule with SMILES C1=CC=C1 already exists in the database.
2024-09-02 00:54:40,717 - SMILES input recognized: C1=C=C=C=1
2024-09-02 00:54:45,296 - SMILES input recognized: C1=C=C=C=1
2024-09-02 00:54:45,718 - Molecule with SMILES C1=C=C=C=1 already exists in the database.
2024-09-02 01:00:05,563 - SMILES input recognized: C1C=C=C=1
2024-09-02 01:09:36,263 - SMILES input recognized: C1CCC#1
2024-09-02 01:09:58,122 - SMILES input recognized: C1C=CC#1
2024-09-02 01:19:13,668 - SMILES input recognized: C#CCC#C
2024-09-02 01:19:51,349 - SMILES input recognized: C=C=C=C=C
2024-09-02 12:42:54,819 - 'molecular_formula' column already exists.
2024-09-02 12:42:57,745 - SMILES input recognized: C=C=C
2024-09-02 12:42:58,659 - Molecule with SMILES C=C=C already exists in the database.
2024-09-02 12:43:03,043 - SMILES input recognized: C1=CC1
2024-09-02 12:43:03,442 - Molecule with SMILES C1=CC1 already exists in the database.
2024-09-02 13:32:01,361 - SMILES input recognized: CCC
2024-09-02 13:32:01,407 - Error processing molecule: 'ChemDrawMain' object has no attribute 'image_label'
2024-09-02 13:37:53,657 - SMILES input recognized: CCC
2024-09-02 13:37:54,212 - Error processing molecule: 'ChemDrawMain' object has no attribute 'atom_count_tree'
2024-09-02 13:38:03,663 - SMILES input recognized: CCCC
2024-09-02 13:38:04,161 - Error processing molecule: 'ChemDrawMain' object has no attribute 'atom_count_tree'
2024-09-02 13:38:37,226 - SMILES input recognized: CCCC
2024-09-02 13:38:37,720 - Failed to add record {'smiles': 'CCCC', 'iupac_name': 'N/A', 'molecular_formula': 'N/A', 'atomic_mass': 'N/A'}: UNIQUE constraint failed: molecules.smiles
2024-09-02 13:38:37,721 - Error processing molecule: 'ChemDrawMain' object has no attribute 'atom_count_tree'
2024-09-02 13:38:39,566 - SMILES input recognized: CCC
2024-09-02 13:38:40,021 - Failed to add record {'smiles': 'CCC', 'iupac_name': 'N/A', 'molecular_formula': 'N/A', 'atomic_mass': 'N/A'}: UNIQUE constraint failed: molecules.smiles
2024-09-02 13:38:40,022 - Error processing molecule: 'ChemDrawMain' object has no attribute 'atom_count_tree'
